<?xml version="1.0" encoding="UTF-8"?>
<testsuite name="com.fullbay.ath.LambdaHandlerTest" tests="1" skipped="0" failures="1" errors="0" timestamp="2025-02-14T17:46:33" hostname="Mac" time="0.13">
  <properties/>
  <testcase name="testSimpleLambdaSuccess()" classname="com.fullbay.ath.LambdaHandlerTest" time="0.13">
    <failure message="java.lang.IllegalStateException: Cannot serialize object because no JSON serializer found in classpath. Please put Jackson (Databind), Gson, Johnzon, or Yasson in the classpath." type="java.lang.IllegalStateException">java.lang.IllegalStateException: Cannot serialize object because no JSON serializer found in classpath. Please put Jackson (Databind), Gson, Johnzon, or Yasson in the classpath.
	at java.base/jdk.internal.reflect.DirectConstructorHandleAccessor.newInstance(DirectConstructorHandleAccessor.java:62)
	at java.base/java.lang.reflect.Constructor.newInstanceWithCaller(Constructor.java:502)
	at java.base/java.lang.reflect.Constructor.newInstance(Constructor.java:486)
	at org.codehaus.groovy.reflection.CachedConstructor.invoke(CachedConstructor.java:73)
	at org.codehaus.groovy.runtime.callsite.ConstructorSite$ConstructorSiteNoUnwrapNoCoerce.callConstructor(ConstructorSite.java:108)
	at org.codehaus.groovy.runtime.callsite.CallSiteArray.defaultCallConstructor(CallSiteArray.java:57)
	at org.codehaus.groovy.runtime.callsite.AbstractCallSite.callConstructor(AbstractCallSite.java:263)
	at org.codehaus.groovy.runtime.callsite.AbstractCallSite.callConstructor(AbstractCallSite.java:277)
	at io.restassured.internal.mapping.ObjectMapping.serialize(ObjectMapping.groovy:164)
	at io.restassured.internal.mapping.ObjectMapping$serialize.call(Unknown Source)
	at org.codehaus.groovy.runtime.callsite.CallSiteArray.defaultCall(CallSiteArray.java:45)
	at org.codehaus.groovy.runtime.callsite.AbstractCallSite.call(AbstractCallSite.java:125)
	at io.restassured.internal.RequestSpecificationImpl.body(RequestSpecificationImpl.groovy:770)
	at com.fullbay.ath.LambdaHandlerTest.testSimpleLambdaSuccess(LambdaHandlerTest.java:24)
	at java.base/java.lang.reflect.Method.invoke(Method.java:580)
	at io.quarkus.test.junit.QuarkusTestExtension.runExtensionMethod(QuarkusTestExtension.java:950)
	at io.quarkus.test.junit.QuarkusTestExtension.interceptTestMethod(QuarkusTestExtension.java:800)
	at java.base/java.util.ArrayList.forEach(ArrayList.java:1596)
	at java.base/java.util.ArrayList.forEach(ArrayList.java:1596)
</failure>
  </testcase>
  <system-out><![CDATA[2025-02-14 12:46:33,444 WARN  [io.qua.config] (Test worker) Unrecognized configuration key "quarkus.lambda.handler" was provided; it will be ignored; verify that the dependency extension for this configuration is set or that you did not make a typo
2025-02-14 12:46:33,515 INFO  [io.quarkus] (Test worker) user-authorizer 1.0.0-SNAPSHOT on JVM (powered by Quarkus 3.18.3) started in 0.679s. Listening on: http://localhost:8081
2025-02-14 12:46:33,515 INFO  [io.quarkus] (Test worker) Profile test activated. 
2025-02-14 12:46:33,515 INFO  [io.quarkus] (Test worker) Installed features: [cdi, rest, smallrye-context-propagation, vertx]
]]></system-out>
  <system-err><![CDATA[]]></system-err>
</testsuite>
